This is pdfTeX, Version 3.14159265-2.6-1.40.21 (MiKTeX 2.9.7300 64-bit) (preloaded format=pdflatex 2020.3.3)  18 MAY 2020 19:04
entering extended mode
**./extended-abstract.tex
(extended-abstract.tex
LaTeX2e <2020-02-02> patch level 2
L3 programming layer <2020-02-14> (sigchi-ext.cls
Document Class: sigchi-ext 2015/1/05, David A. Shamma
CHI Extended Abstracts template
- updated by David A. Shamma.
- refactored by Luis A. Leiva
- original by Manas Tungare

Available at https://github.com/sigchi.


("C:\Users\Stefanie Wieser\AppData\Local\Programs\MiKTeX 2.9\tex/latex/base\art
icle.cls"
Document Class: article 2019/12/20 v1.4l Standard LaTeX document class

("C:\Users\Stefanie Wieser\AppData\Local\Programs\MiKTeX 2.9\tex/latex/base\siz
e10.clo"
File: size10.clo 2019/12/20 v1.4l Standard LaTeX file (size option)
)
\c@part=\count167
\c@section=\count168
\c@subsection=\count169
\c@subsubsection=\count170
\c@paragraph=\count171
\c@subparagraph=\count172
\c@figure=\count173
\c@table=\count174
\abovecaptionskip=\skip47
\belowcaptionskip=\skip48
\bibindent=\dimen134
) (acmcopyright.sty
Package: acmcopyright 2014/06/29 v1.2 Copyright statemens for ACM classes

("C:\Users\Stefanie Wieser\AppData\Local\Programs\MiKTeX 2.9\tex/latex/xkeyval\
xkeyval.sty"
Package: xkeyval 2014/12/03 v2.7a package option processing (HA)

("C:\Users\Stefanie Wieser\AppData\Local\Programs\MiKTeX 2.9\tex/generic/xkeyva
l\xkeyval.tex"
("C:\Users\Stefanie Wieser\AppData\Local\Programs\MiKTeX 2.9\tex/generic/xkeyva
l\xkvutils.tex"
\XKV@toks=\toks14
\XKV@tempa@toks=\toks15

("C:\Users\Stefanie Wieser\AppData\Local\Programs\MiKTeX 2.9\tex/generic/xkeyva
l\keyval.tex"))
\XKV@depth=\count175
File: xkeyval.tex 2014/12/03 v2.7a key=value parser (HA)
)))
("C:\Users\Stefanie Wieser\AppData\Local\Programs\MiKTeX 2.9\tex/latex/titlesec
\titlesec.sty"
Package: titlesec 2019/10/16 v2.13 Sectioning titles
\ttl@box=\box45
\beforetitleunit=\skip49
\aftertitleunit=\skip50
\ttl@plus=\dimen135
\ttl@minus=\dimen136
\ttl@toksa=\toks16
\titlewidth=\dimen137
\titlewidthlast=\dimen138
\titlewidthfirst=\dimen139
)
("C:\Users\Stefanie Wieser\AppData\Local\Programs\MiKTeX 2.9\tex/latex/caption\
caption.sty"
Package: caption 2020/05/10 v3.4j Customizing captions (AR)

("C:\Users\Stefanie Wieser\AppData\Local\Programs\MiKTeX 2.9\tex/latex/caption\
caption3.sty"
Package: caption3 2020/05/10 v1.11 caption3 kernel (AR)
Package caption3 Info: TeX engine: e-TeX on input line 61.
\captionmargin=\dimen140
\captionmargin@=\dimen141
\captionwidth=\dimen142
\caption@tempdima=\dimen143
\caption@indent=\dimen144
\caption@parindent=\dimen145
\caption@hangindent=\dimen146
Package caption Info: Standard document class detected.
)
\c@caption@flags=\count176
\c@continuedfloat=\count177
)
("C:\Users\Stefanie Wieser\AppData\Local\Programs\MiKTeX 2.9\tex/latex/url\url.
sty"
\Urlmuskip=\muskip16
Package: url 2013/09/16  ver 3.4  Verb mode for urls, etc.
)
("C:\Users\Stefanie Wieser\AppData\Local\Programs\MiKTeX 2.9\tex/latex/ragged2e
\ragged2e.sty"
Package: ragged2e 2019/07/28 v2.2 ragged2e Package (MS)

("C:\Users\Stefanie Wieser\AppData\Local\Programs\MiKTeX 2.9\tex/latex/ms\every
sel.sty"
Package: everysel 2011/10/28 v1.2 EverySelectfont Package (MS)
)
\CenteringLeftskip=\skip51
\RaggedLeftLeftskip=\skip52
\RaggedRightLeftskip=\skip53
\CenteringRightskip=\skip54
\RaggedLeftRightskip=\skip55
\RaggedRightRightskip=\skip56
\CenteringParfillskip=\skip57
\RaggedLeftParfillskip=\skip58
\RaggedRightParfillskip=\skip59
\JustifyingParfillskip=\skip60
\CenteringParindent=\skip61
\RaggedLeftParindent=\skip62
\RaggedRightParindent=\skip63
\JustifyingParindent=\skip64
)
("C:\Users\Stefanie Wieser\AppData\Local\Programs\MiKTeX 2.9\tex/latex/enumitem
\enumitem.sty"
Package: enumitem 2019/06/20 v3.9 Customized lists
\enitkv@toks@=\toks17
\labelindent=\skip65
\enit@outerparindent=\dimen147
\enit@toks=\toks18
\enit@inbox=\box46
\enit@count@id=\count178
\enitdp@description=\count179
)
("C:\Users\Stefanie Wieser\AppData\Local\Programs\MiKTeX 2.9\tex/latex/footmisc
\footmisc.sty"
Package: footmisc 2011/06/06 v5.5b a miscellany of footnote facilities
\FN@temptoken=\toks19
\footnotemargin=\dimen148
\c@pp@next@reset=\count180
Package footmisc Info: Declaring symbol style bringhurst on input line 855.
Package footmisc Info: Declaring symbol style chicago on input line 863.
Package footmisc Info: Declaring symbol style wiley on input line 872.
Package footmisc Info: Declaring symbol style lamport-robust on input line 883.

Package footmisc Info: Declaring symbol style lamport* on input line 903.
Package footmisc Info: Declaring symbol style lamport*-robust on input line 924
.
)
("C:\Users\Stefanie Wieser\AppData\Local\Programs\MiKTeX 2.9\tex/latex/graphics
\color.sty"
Package: color 2019/11/23 v1.2a Standard LaTeX Color (DPC)

("C:\Users\Stefanie Wieser\AppData\Local\Programs\MiKTeX 2.9\tex/latex/graphics
-cfg\color.cfg"
File: color.cfg 2016/01/02 v1.6 sample color configuration
)
Package color Info: Driver file: pdftex.def on input line 147.

("C:\Users\Stefanie Wieser\AppData\Local\Programs\MiKTeX 2.9\tex/latex/graphics
-def\pdftex.def"
File: pdftex.def 2018/01/08 v1.0l Graphics/color driver for pdftex
))
("C:\Users\Stefanie Wieser\AppData\Local\Programs\MiKTeX 2.9\tex/latex/hyperref
\hyperref.sty"
Package: hyperref 2020/01/14 v7.00d Hypertext links for LaTeX

("C:\Users\Stefanie Wieser\AppData\Local\Programs\MiKTeX 2.9\tex/generic/ltxcmd
s\ltxcmds.sty"
Package: ltxcmds 2019/12/15 v1.24 LaTeX kernel commands for general use (HO)
)
("C:\Users\Stefanie Wieser\AppData\Local\Programs\MiKTeX 2.9\tex/generic/iftex\
iftex.sty"
Package: iftex 2019/11/07 v1.0c TeX engine tests
)
("C:\Users\Stefanie Wieser\AppData\Local\Programs\MiKTeX 2.9\tex/latex/pdftexcm
ds\pdftexcmds.sty"
Package: pdftexcmds 2019/11/24 v0.31 Utility functions of pdfTeX for LuaTeX (HO
)

("C:\Users\Stefanie Wieser\AppData\Local\Programs\MiKTeX 2.9\tex/generic/infwar
err\infwarerr.sty"
Package: infwarerr 2019/12/03 v1.5 Providing info/warning/error messages (HO)
)
Package pdftexcmds Info: \pdf@primitive is available.
Package pdftexcmds Info: \pdf@ifprimitive is available.
Package pdftexcmds Info: \pdfdraftmode found.
)
("C:\Users\Stefanie Wieser\AppData\Local\Programs\MiKTeX 2.9\tex/generic/kvsetk
eys\kvsetkeys.sty"
Package: kvsetkeys 2019/12/15 v1.18 Key value parser (HO)
)
("C:\Users\Stefanie Wieser\AppData\Local\Programs\MiKTeX 2.9\tex/generic/kvdefi
nekeys\kvdefinekeys.sty"
Package: kvdefinekeys 2019-12-19 v1.6 Define keys (HO)
)
("C:\Users\Stefanie Wieser\AppData\Local\Programs\MiKTeX 2.9\tex/generic/pdfesc
ape\pdfescape.sty"
Package: pdfescape 2019/12/09 v1.15 Implements pdfTeX's escape features (HO)
)
("C:\Users\Stefanie Wieser\AppData\Local\Programs\MiKTeX 2.9\tex/latex/hycolor\
hycolor.sty"
Package: hycolor 2020-01-27 v1.10 Color options for hyperref/bookmark (HO)
)
("C:\Users\Stefanie Wieser\AppData\Local\Programs\MiKTeX 2.9\tex/latex/letltxma
cro\letltxmacro.sty"
Package: letltxmacro 2019/12/03 v1.6 Let assignment for LaTeX macros (HO)
)
("C:\Users\Stefanie Wieser\AppData\Local\Programs\MiKTeX 2.9\tex/latex/auxhook\
auxhook.sty"
Package: auxhook 2019-12-17 v1.6 Hooks for auxiliary files (HO)
)
("C:\Users\Stefanie Wieser\AppData\Local\Programs\MiKTeX 2.9\tex/latex/kvoption
s\kvoptions.sty"
Package: kvoptions 2019/11/29 v3.13 Key value format for package options (HO)
)
\@linkdim=\dimen149
\Hy@linkcounter=\count181
\Hy@pagecounter=\count182

("C:\Users\Stefanie Wieser\AppData\Local\Programs\MiKTeX 2.9\tex/latex/hyperref
\pd1enc.def"
File: pd1enc.def 2020/01/14 v7.00d Hyperref: PDFDocEncoding definition (HO)
Now handling font encoding PD1 ...
... no UTF-8 mapping file for font encoding PD1
)
("C:\Users\Stefanie Wieser\AppData\Local\Programs\MiKTeX 2.9\tex/generic/intcal
c\intcalc.sty"
Package: intcalc 2019/12/15 v1.3 Expandable calculations with integers (HO)
)
("C:\Users\Stefanie Wieser\AppData\Local\Programs\MiKTeX 2.9\tex/generic/etexcm
ds\etexcmds.sty"
Package: etexcmds 2019/12/15 v1.7 Avoid name clashes with e-TeX commands (HO)
)
\Hy@SavedSpaceFactor=\count183
Package hyperref Info: Option `colorlinks' set `true' on input line 4421.
Package hyperref Info: Option `linktocpage' set `true' on input line 4421.
Package hyperref Info: Option `naturalnames' set `true' on input line 4421.
Package hyperref Info: Option `plainpages' set `true' on input line 4421.
Package hyperref Info: Option `breaklinks' set `true' on input line 4421.
Package hyperref Info: Option `bookmarksnumbered' set `true' on input line 4421
.
Package hyperref Info: Option `final' set `true' on input line 4421.
Package hyperref Info: Hyper figures OFF on input line 4547.
Package hyperref Info: Link nesting OFF on input line 4552.
Package hyperref Info: Hyper index ON on input line 4555.
Package hyperref Info: Plain pages ON on input line 4560.
Package hyperref Info: Backreferencing OFF on input line 4567.
Package hyperref Info: Implicit mode ON; LaTeX internals redefined.
Package hyperref Info: Bookmarks ON on input line 4800.
\c@Hy@tempcnt=\count184
LaTeX Info: Redefining \url on input line 5159.
\XeTeXLinkMargin=\dimen150

("C:\Users\Stefanie Wieser\AppData\Local\Programs\MiKTeX 2.9\tex/generic/bitset
\bitset.sty"
Package: bitset 2019/12/09 v1.3 Handle bit-vector datatype (HO)

("C:\Users\Stefanie Wieser\AppData\Local\Programs\MiKTeX 2.9\tex/generic/bigint
calc\bigintcalc.sty"
Package: bigintcalc 2019/12/15 v1.5 Expandable calculations on big integers (HO
)
))
\Fld@menulength=\count185
\Field@Width=\dimen151
\Fld@charsize=\dimen152
Package hyperref Info: Hyper figures OFF on input line 6430.
Package hyperref Info: Link nesting OFF on input line 6435.
Package hyperref Info: Hyper index ON on input line 6438.
Package hyperref Info: backreferencing OFF on input line 6445.
Package hyperref Info: Link coloring ON on input line 6448.
Package hyperref Info: Link coloring with OCG OFF on input line 6455.
Package hyperref Info: PDF/A mode OFF on input line 6460.
LaTeX Info: Redefining \ref on input line 6500.
LaTeX Info: Redefining \pageref on input line 6504.

("C:\Users\Stefanie Wieser\AppData\Local\Programs\MiKTeX 2.9\tex/generic/atbegs
hi\atbegshi.sty"
Package: atbegshi 2019/12/05 v1.19 At begin shipout hook (HO)
)
\Hy@abspage=\count186
\c@Item=\count187
\c@Hfootnote=\count188
)
Package hyperref Info: Driver (autodetected): hpdftex.

("C:\Users\Stefanie Wieser\AppData\Local\Programs\MiKTeX 2.9\tex/latex/hyperref
\hpdftex.def"
File: hpdftex.def 2020/01/14 v7.00d Hyperref driver for pdfTeX

("C:\Users\Stefanie Wieser\AppData\Local\Programs\MiKTeX 2.9\tex/latex/atveryen
d\atveryend.sty"
Package: atveryend 2019-12-11 v1.11 Hooks at the very end of document (HO)
Package atveryend Info: \enddocument detected (standard20110627).
)
\Fld@listcount=\count189
\c@bookmark@seq@number=\count190

("C:\Users\Stefanie Wieser\AppData\Local\Programs\MiKTeX 2.9\tex/latex/rerunfil
echeck\rerunfilecheck.sty"
Package: rerunfilecheck 2019/12/05 v1.9 Rerun checks for auxiliary files (HO)

("C:\Users\Stefanie Wieser\AppData\Local\Programs\MiKTeX 2.9\tex/generic/unique
counter\uniquecounter.sty"
Package: uniquecounter 2019/12/15 v1.4 Provide unlimited unique counter (HO)
)
Package uniquecounter Info: New unique counter `rerunfilecheck' on input line 2
86.
)
\Hy@SectionHShift=\skip66
)
("C:\Users\Stefanie Wieser\AppData\Local\Programs\MiKTeX 2.9\tex/latex/placeins
\placeins.sty"
Package: placeins 2005/04/18  v 2.2
)
\@tufte@margin@floatbox=\box47

("C:\Users\Stefanie Wieser\AppData\Local\Programs\MiKTeX 2.9\tex/latex/comment\
comment.sty"
\CommentStream=\write3
 Excluding comment 'comment') Excluding comment 'CCSXML'
Using 'Abbrev' bibliography style
\bibindent=\dimen153
\bibsep=\skip67
)
("C:\Users\Stefanie Wieser\AppData\Local\Programs\MiKTeX 2.9\tex/latex/base\fon
tenc.sty"
Package: fontenc 2020/02/11 v2.0o Standard LaTeX package
LaTeX Font Info:    Trying to load font information for T1+cmss on input line 1
12.

("C:\Users\Stefanie Wieser\AppData\Local\Programs\MiKTeX 2.9\tex/latex/base\t1c
mss.fd"
File: t1cmss.fd 2019/12/16 v2.5j Standard LaTeX font definitions
))
("C:\Users\Stefanie Wieser\AppData\Local\Programs\MiKTeX 2.9\tex/latex/base\tex
tcomp.sty"
Package: textcomp 2020/02/02 v2.0n Standard LaTeX package
)
("C:\Users\Stefanie Wieser\AppData\Local\Programs\MiKTeX 2.9\tex/latex/psnfss\h
elvet.sty"
Package: helvet 2020/03/25 PSNFSS-v9.3 (WaS) 
)
("C:\Users\Stefanie Wieser\AppData\Local\Programs\MiKTeX 2.9\tex/latex/graphics
\graphicx.sty"
Package: graphicx 2019/11/30 v1.2a Enhanced LaTeX Graphics (DPC,SPQR)

("C:\Users\Stefanie Wieser\AppData\Local\Programs\MiKTeX 2.9\tex/latex/graphics
\graphics.sty"
Package: graphics 2019/11/30 v1.4a Standard LaTeX Graphics (DPC,SPQR)

("C:\Users\Stefanie Wieser\AppData\Local\Programs\MiKTeX 2.9\tex/latex/graphics
\trig.sty"
Package: trig 2016/01/03 v1.10 sin cos tan (DPC)
)
("C:\Users\Stefanie Wieser\AppData\Local\Programs\MiKTeX 2.9\tex/latex/graphics
-cfg\graphics.cfg"
File: graphics.cfg 2016/06/04 v1.11 sample graphics configuration
)
Package graphics Info: Driver file: pdftex.def on input line 105.
)
\Gin@req@height=\dimen154
\Gin@req@width=\dimen155
)
("C:\Users\Stefanie Wieser\AppData\Local\Programs\MiKTeX 2.9\tex/latex/preprint
\balance.sty"
Package: balance 1999/02/23 4.3 (PWD)
\oldvsize=\dimen156
)
("C:\Users\Stefanie Wieser\AppData\Local\Programs\MiKTeX 2.9\tex/latex/booktabs
\booktabs.sty"
Package: booktabs 2020/01/12 v1.61803398 Publication quality tables
\heavyrulewidth=\dimen157
\lightrulewidth=\dimen158
\cmidrulewidth=\dimen159
\belowrulesep=\dimen160
\belowbottomsep=\dimen161
\aboverulesep=\dimen162
\abovetopsep=\dimen163
\cmidrulesep=\dimen164
\cmidrulekern=\dimen165
\defaultaddspace=\dimen166
\@cmidla=\count191
\@cmidlb=\count192
\@aboverulesep=\dimen167
\@belowrulesep=\dimen168
\@thisruleclass=\count193
\@lastruleclass=\count194
\@thisrulewidth=\dimen169
)
("C:\Users\Stefanie Wieser\AppData\Local\Programs\MiKTeX 2.9\tex/latex/ccicons\
ccicons.sty"
Package: ccicons 2017/10/30 v1.6 LaTeX support for Creative Commons icons
)
Package color Info: Redefining color linkColor on input line 70.
Package hyperref Info: Option `bookmarksnumbered' set `true' on input line 84.
Package hyperref Info: Option `colorlinks' set `true' on input line 84.
Package hyperref Info: Option `breaklinks' set `true' on input line 84.

("C:\Users\Stefanie Wieser\AppData\Local\Programs\MiKTeX 2.9\tex/latex/l3backen
d\l3backend-pdfmode.def"
File: l3backend-pdfmode.def 2020-02-03 L3 backend support: PDF mode
\l__kernel_color_stack_int=\count195
\l__pdf_internal_box=\box48
) (extended-abstract.aux)
\openout1 = `extended-abstract.aux'.

LaTeX Font Info:    Checking defaults for OML/cmm/m/it on input line 88.
LaTeX Font Info:    ... okay on input line 88.
LaTeX Font Info:    Checking defaults for OMS/cmsy/m/n on input line 88.
LaTeX Font Info:    ... okay on input line 88.
LaTeX Font Info:    Checking defaults for OT1/cmr/m/n on input line 88.
LaTeX Font Info:    ... okay on input line 88.
LaTeX Font Info:    Checking defaults for T1/cmr/m/n on input line 88.
LaTeX Font Info:    ... okay on input line 88.
LaTeX Font Info:    Checking defaults for TS1/cmr/m/n on input line 88.
LaTeX Font Info:    ... okay on input line 88.
LaTeX Font Info:    Checking defaults for OMX/cmex/m/n on input line 88.
LaTeX Font Info:    ... okay on input line 88.
LaTeX Font Info:    Checking defaults for U/cmr/m/n on input line 88.
LaTeX Font Info:    ... okay on input line 88.
LaTeX Font Info:    Checking defaults for PD1/pdf/m/n on input line 88.
LaTeX Font Info:    ... okay on input line 88.
LaTeX Font Info:    Trying to load font information for T1+phv on input line 88
.

("C:\Users\Stefanie Wieser\AppData\Local\Programs\MiKTeX 2.9\tex/latex/psnfss\t
1phv.fd"
File: t1phv.fd 2020/03/25 scalable font definitions for T1/phv.
)
LaTeX Font Info:    Font shape `T1/phv/m/n' will be
(Font)              scaled to size 9.19998pt on input line 88.
Package caption Info: Begin \AtBeginDocument code.
Package caption Info: hyperref package is loaded.
Package caption Info: End \AtBeginDocument code.
 ABD: EverySelectfont initializing macros
LaTeX Info: Redefining \selectfont on input line 88.

("C:\Users\Stefanie Wieser\AppData\Local\Programs\MiKTeX 2.9\tex/context/base/m
kii\supp-pdf.mkii"
[Loading MPS to PDF converter (version 2006.09.02).]
\scratchcounter=\count196
\scratchdimen=\dimen170
\scratchbox=\box49
\nofMPsegments=\count197
\nofMParguments=\count198
\everyMPshowfont=\toks20
\MPscratchCnt=\count199
\MPscratchDim=\dimen171
\MPnumerator=\count266
\makeMPintoPDFobject=\count267
\everyMPtoPDFconversion=\toks21
)
("C:\Users\Stefanie Wieser\AppData\Local\Programs\MiKTeX 2.9\tex/latex/epstopdf
-pkg\epstopdf-base.sty"
Package: epstopdf-base 2020-01-24 v2.11 Base part for package epstopdf
Package epstopdf-base Info: Redefining graphics rule for `.eps' on input line 4
85.
)
\AtBeginShipoutBox=\box50
Package hyperref Info: Link coloring ON on input line 88.

("C:\Users\Stefanie Wieser\AppData\Local\Programs\MiKTeX 2.9\tex/latex/hyperref
\nameref.sty"
Package: nameref 2019/09/16 v2.46 Cross-referencing by name of section

("C:\Users\Stefanie Wieser\AppData\Local\Programs\MiKTeX 2.9\tex/latex/refcount
\refcount.sty"
Package: refcount 2019/12/15 v3.6 Data extraction from label references (HO)
)
("C:\Users\Stefanie Wieser\AppData\Local\Programs\MiKTeX 2.9\tex/generic/gettit
lestring\gettitlestring.sty"
Package: gettitlestring 2019/12/15 v1.6 Cleanup title references (HO)
)
\c@section@level=\count268
)
LaTeX Info: Redefining \ref on input line 88.
LaTeX Info: Redefining \pageref on input line 88.
LaTeX Info: Redefining \nameref on input line 88.
 (extended-abstract.out) (extended-abstract.out)
\@outlinefile=\write4
\openout4 = `extended-abstract.out'.

LaTeX Font Info:    Trying to load font information for OT1+phv on input line 1
00.

("C:\Users\Stefanie Wieser\AppData\Local\Programs\MiKTeX 2.9\tex/latex/psnfss\o
t1phv.fd"
File: ot1phv.fd 2020/03/25 scalable font definitions for OT1/phv.
)
LaTeX Font Info:    Font shape `OT1/phv/bc/n' will be
(Font)              scaled to size 9.19998pt on input line 100.
LaTeX Font Info:    Font shape `OT1/phv/bc/n' will be
(Font)              scaled to size 22.88956pt on input line 100.

Overfull \hbox (12.7316pt too wide) in paragraph at lines 100--100
[][] 
 []


Overfull \hbox (280.04623pt too wide) in paragraph at lines 100--100
[][][]  
 []

LaTeX Font Info:    Font shape `T1/phv/m/n' will be
(Font)              scaled to size 8.27998pt on input line 100.
LaTeX Font Info:    Font shape `T1/phv/b/n' will be
(Font)              scaled to size 8.27998pt on input line 100.

Overfull \hbox (1.75533pt too wide) in paragraph at lines 100--100
[][] []
 []

LaTeX Font Info:    Font shape `T1/phv/m/n' will be
(Font)              scaled to size 6.43999pt on input line 100.
LaTeX Font Info:    Font shape `T1/phv/m/it' in size <7> not available
(Font)              Font shape `T1/phv/m/sl' tried instead on input line 100.
LaTeX Font Info:    Font shape `T1/phv/m/sl' will be
(Font)              scaled to size 6.43999pt on input line 100.
LaTeX Font Info:    External font `cmex10' loaded for size
(Font)              <7> on input line 100.
LaTeX Font Info:    External font `cmex10' loaded for size
(Font)              <5> on input line 100.
LaTeX Font Info:    Font shape `T1/phv/m/n' will be
(Font)              scaled to size 11.03998pt on input line 107.
LaTeX Font Info:    Font shape `T1/phv/b/n' will be
(Font)              scaled to size 11.03998pt on input line 107.
LaTeX Font Info:    Font shape `T1/phv/b/n' will be
(Font)              scaled to size 9.19998pt on input line 119.

LaTeX Warning: Citation `banerjee2018comparative' on page 1 undefined on input 
line 119.


Overfull \hbox (6.70209pt too wide) in paragraph at lines 119--124
\T1/phv/m/n/10 Kotlin en-twick-elt.[\T1/phv/b/n/10 ?\T1/phv/m/n/10 ] Diese Pro-
gram-mier-sprache ist im Gegen- 
 []

LaTeX Font Info:    Font shape `T1/phv/m/n' will be
(Font)              scaled to size 7.35999pt on input line 129.
LaTeX Font Info:    External font `cmex10' loaded for size
(Font)              <8> on input line 129.
LaTeX Font Info:    External font `cmex10' loaded for size
(Font)              <6> on input line 129.
LaTeX Font Info:    Font shape `T1/phv/m/n' will be
(Font)              scaled to size 5.51999pt on input line 129.

Underfull \hbox (badness 10000) in paragraph at lines 129--129
[][][]\T1/phv/m/n/8 Boilerplat